-- The C compiler identification is GNU 11.4.0
-- The CXX compiler identification is GNU 11.4.0
-- Detecting C compiler ABI info
-- Detecting C compiler ABI info - done
-- Check for working C compiler: /usr/bin/cc - skipped
-- Detecting C compile features
-- Detecting C compile features - done
-- Detecting CXX compiler ABI info
-- Detecting CXX compiler ABI info - done
-- Check for working CXX compiler: /usr/bin/c++ - skipped
-- Detecting CXX compile features
-- Detecting CXX compile features - done
-- Found ament_cmake: 1.3.9 (/opt/ros/humble/share/ament_cmake/cmake)
-- Found Python3: /usr/bin/python3 (found version "3.10.12") found components: Interpreter 
-- Override CMake install command with custom implementation using symlinks instead of copying resources
-- Configuring done
-- Generating done
-- Build files have been written to: /home/light/dev_ws/src/components_launcher/build/components_launcher
-- Install configuration: ""
-- Execute custom install script
-- Symlinking: /home/light/dev_ws/src/components_launcher/install/components_launcher/share/components_launcher/launch/.container_launcher.launch.py.~undo-tree~
-- Symlinking: /home/light/dev_ws/src/components_launcher/install/components_launcher/share/components_launcher/launch/container_launcher.launch.py
-- Symlinking: /home/light/dev_ws/src/components_launcher/install/components_launcher/share/components_launcher/launch/container_launcher.launch.py~
-- Symlinking: /home/light/dev_ws/src/components_launcher/install/components_launcher/share/ament_index/resource_index/package_run_dependencies/components_launcher
-- Symlinking: /home/light/dev_ws/src/components_launcher/install/components_launcher/share/ament_index/resource_index/parent_prefix_path/components_launcher
-- Symlinking: /home/light/dev_ws/src/components_launcher/install/components_launcher/share/components_launcher/environment/ament_prefix_path.sh
-- Symlinking: /home/light/dev_ws/src/components_launcher/install/components_launcher/share/components_launcher/environment/ament_prefix_path.dsv
-- Symlinking: /home/light/dev_ws/src/components_launcher/install/components_launcher/share/components_launcher/environment/path.sh
-- Symlinking: /home/light/dev_ws/src/components_launcher/install/components_launcher/share/components_launcher/environment/path.dsv
-- Symlinking: /home/light/dev_ws/src/components_launcher/install/components_launcher/share/components_launcher/local_setup.bash
-- Symlinking: /home/light/dev_ws/src/components_launcher/install/components_launcher/share/components_launcher/local_setup.sh
-- Symlinking: /home/light/dev_ws/src/components_launcher/install/components_launcher/share/components_launcher/local_setup.zsh
-- Symlinking: /home/light/dev_ws/src/components_launcher/install/components_launcher/share/components_launcher/local_setup.dsv
-- Symlinking: /home/light/dev_ws/src/components_launcher/install/components_launcher/share/components_launcher/package.dsv
-- Symlinking: /home/light/dev_ws/src/components_launcher/install/components_launcher/share/ament_index/resource_index/packages/components_launcher
-- Symlinking: /home/light/dev_ws/src/components_launcher/install/components_launcher/share/components_launcher/cmake/components_launcherConfig.cmake
-- Symlinking: /home/light/dev_ws/src/components_launcher/install/components_launcher/share/components_launcher/cmake/components_launcherConfig-version.cmake
-- Symlinking: /home/light/dev_ws/src/components_launcher/install/components_launcher/share/components_launcher/package.xml
