[0.015s] Invoking command in '/home/light/dev_ws/src/components_launcher/build/components_launcher': CMAKE_PREFIX_PATH=${CMAKE_PREFIX_PATH}:/opt/ros/humble /usr/bin/cmake /home/light/dev_ws/src/components_launcher -DAMENT_CMAKE_SYMLINK_INSTALL=1 -DCMAKE_INSTALL_PREFIX=/home/light/dev_ws/src/components_launcher/install/components_launcher
[0.098s] -- The C compiler identification is GNU 11.4.0
[0.184s] -- The CXX compiler identification is GNU 11.4.0
[0.195s] -- Detecting C compiler ABI info
[0.335s] -- Detecting C compiler ABI info - done
[0.351s] -- Check for working C compiler: /usr/bin/cc - skipped
[0.351s] -- Detecting C compile features
[0.352s] -- Detecting C compile features - done
[0.357s] -- Detecting CXX compiler ABI info
[0.490s] -- Detecting CXX compiler ABI info - done
[0.503s] -- Check for working CXX compiler: /usr/bin/c++ - skipped
[0.503s] -- Detecting CXX compile features
[0.504s] -- Detecting CXX compile features - done
[0.509s] -- Found ament_cmake: 1.3.9 (/opt/ros/humble/share/ament_cmake/cmake)
[0.741s] -- Found Python3: /usr/bin/python3 (found version "3.10.12") found components: Interpreter 
[0.833s] -- Override CMake install command with custom implementation using symlinks instead of copying resources
[0.980s] -- Configuring done
[0.984s] -- Generating done
[0.986s] -- Build files have been written to: /home/light/dev_ws/src/components_launcher/build/components_launcher
[0.992s] Invoked command in '/home/light/dev_ws/src/components_launcher/build/components_launcher' returned '0': CMAKE_PREFIX_PATH=${CMAKE_PREFIX_PATH}:/opt/ros/humble /usr/bin/cmake /home/light/dev_ws/src/components_launcher -DAMENT_CMAKE_SYMLINK_INSTALL=1 -DCMAKE_INSTALL_PREFIX=/home/light/dev_ws/src/components_launcher/install/components_launcher
[0.994s] Invoking command in '/home/light/dev_ws/src/components_launcher/build/components_launcher': CMAKE_PREFIX_PATH=${CMAKE_PREFIX_PATH}:/opt/ros/humble /usr/bin/cmake --build /home/light/dev_ws/src/components_launcher/build/components_launcher -- -j8 -l8
[1.054s] Invoked command in '/home/light/dev_ws/src/components_launcher/build/components_launcher' returned '0': CMAKE_PREFIX_PATH=${CMAKE_PREFIX_PATH}:/opt/ros/humble /usr/bin/cmake --build /home/light/dev_ws/src/components_launcher/build/components_launcher -- -j8 -l8
[1.107s] Invoking command in '/home/light/dev_ws/src/components_launcher/build/components_launcher': CMAKE_PREFIX_PATH=${CMAKE_PREFIX_PATH}:/opt/ros/humble /usr/bin/cmake --install /home/light/dev_ws/src/components_launcher/build/components_launcher
[1.118s] -- Install configuration: ""
[1.128s] -- Execute custom install script
[1.129s] -- Symlinking: /home/light/dev_ws/src/components_launcher/install/components_launcher/share/components_launcher/launch/.container_launcher.launch.py.~undo-tree~
[1.143s] -- Symlinking: /home/light/dev_ws/src/components_launcher/install/components_launcher/share/components_launcher/launch/container_launcher.launch.py
[1.157s] -- Symlinking: /home/light/dev_ws/src/components_launcher/install/components_launcher/share/components_launcher/launch/container_launcher.launch.py~
[1.171s] -- Symlinking: /home/light/dev_ws/src/components_launcher/install/components_launcher/share/ament_index/resource_index/package_run_dependencies/components_launcher
[1.186s] -- Symlinking: /home/light/dev_ws/src/components_launcher/install/components_launcher/share/ament_index/resource_index/parent_prefix_path/components_launcher
[1.200s] -- Symlinking: /home/light/dev_ws/src/components_launcher/install/components_launcher/share/components_launcher/environment/ament_prefix_path.sh
[1.215s] -- Symlinking: /home/light/dev_ws/src/components_launcher/install/components_launcher/share/components_launcher/environment/ament_prefix_path.dsv
[1.230s] -- Symlinking: /home/light/dev_ws/src/components_launcher/install/components_launcher/share/components_launcher/environment/path.sh
[1.244s] -- Symlinking: /home/light/dev_ws/src/components_launcher/install/components_launcher/share/components_launcher/environment/path.dsv
[1.259s] -- Symlinking: /home/light/dev_ws/src/components_launcher/install/components_launcher/share/components_launcher/local_setup.bash
[1.274s] -- Symlinking: /home/light/dev_ws/src/components_launcher/install/components_launcher/share/components_launcher/local_setup.sh
[1.288s] -- Symlinking: /home/light/dev_ws/src/components_launcher/install/components_launcher/share/components_launcher/local_setup.zsh
[1.302s] -- Symlinking: /home/light/dev_ws/src/components_launcher/install/components_launcher/share/components_launcher/local_setup.dsv
[1.317s] -- Symlinking: /home/light/dev_ws/src/components_launcher/install/components_launcher/share/components_launcher/package.dsv
[1.332s] -- Symlinking: /home/light/dev_ws/src/components_launcher/install/components_launcher/share/ament_index/resource_index/packages/components_launcher
[1.347s] -- Symlinking: /home/light/dev_ws/src/components_launcher/install/components_launcher/share/components_launcher/cmake/components_launcherConfig.cmake
[1.361s] -- Symlinking: /home/light/dev_ws/src/components_launcher/install/components_launcher/share/components_launcher/cmake/components_launcherConfig-version.cmake
[1.376s] -- Symlinking: /home/light/dev_ws/src/components_launcher/install/components_launcher/share/components_launcher/package.xml
[1.394s] Invoked command in '/home/light/dev_ws/src/components_launcher/build/components_launcher' returned '0': CMAKE_PREFIX_PATH=${CMAKE_PREFIX_PATH}:/opt/ros/humble /usr/bin/cmake --install /home/light/dev_ws/src/components_launcher/build/components_launcher
