[0.000000] (-) TimerEvent: {}
[0.000198] (components_launcher) JobQueued: {'identifier': 'components_launcher', 'dependencies': OrderedDict()}
[0.000496] (components_launcher) JobStarted: {'identifier': 'components_launcher'}
[0.012802] (components_launcher) JobProgress: {'identifier': 'components_launcher', 'progress': 'cmake'}
[0.013320] (components_launcher) Command: {'cmd': ['/usr/bin/cmake', '/home/light/dev_ws/src/components_launcher', '-DAMENT_CMAKE_SYMLINK_INSTALL=1', '-DCMAKE_INSTALL_PREFIX=/home/light/dev_ws/src/components_launcher/install/components_launcher'], 'cwd': '/home/light/dev_ws/src/components_launcher/build/components_launcher', 'env': OrderedDict([('USER', 'light'), ('XDG_SEAT', 'seat0'), ('XDG_SESSION_TYPE', 'wayland'), ('SHLVL', '1'), ('XCURSOR_SIZE', '24'), ('LD_LIBRARY_PATH', '/home/light/dev_ws/install/test_pubsub/lib:/home/light/dev_ws/install/managed_talker/lib:/home/light/dev_ws/install/listener_com/lib:/home/light/dev_ws/install/component_practice/lib:/usr/lib/x86_64-linux-gnu/gazebo-11/plugins:/opt/ros/humble/opt/rviz_ogre_vendor/lib:/opt/ros/humble/lib/x86_64-linux-gnu:/opt/ros/humble/lib'), ('HOME', '/home/light'), ('MOZ_ENABLE_WAYLAND', '1'), ('OLDPWD', '/home/light/dev_ws/src/components_launcher/src'), ('SWAYSOCK', '/run/user/1000/sway-ipc.1000.6672.sock'), ('LESS', '-R'), ('DESKTOP_SESSION', 'sway'), ('ZSH', '/home/light/.oh-my-zsh'), ('LSCOLORS', 'Gxfxcxdxbxegedabagacad'), ('GTK_MODULES', 'gail:atk-bridge'), ('PAGER', 'less'), ('ROS_PYTHON_VERSION', '3'), ('DBUS_SESSION_BUS_ADDRESS', 'unix:path=/run/user/1000/bus'), ('SYSTEMD_EXEC_PID', '2573277'), ('COLORTERM', 'truecolor'), ('PICO_TOOLCHAIN_PATH', '...'), ('WAYLAND_DISPLAY', 'wayland-1'), ('ROS_DISTRO', 'humble'), ('COLCON_PREFIX_PATH', '/home/light/dev_ws/install'), ('LOGNAME', 'light'), ('_', '/usr/bin/colcon'), ('XDG_SESSION_CLASS', 'user'), ('ROS_VERSION', '2'), ('USERNAME', 'light'), ('XDG_SESSION_ID', '230'), ('TERM', 'foot'), ('GAZEBO_MODEL_PATH', ':/opt/ros/humble/share/turtlebot3_gazebo/models'), ('GNOME_DESKTOP_SESSION_ID', 'this-is-deprecated'), ('ROS_LOCALHOST_ONLY', '0'), ('PATH', '/opt/ros/humble/bin:/home/light/.cargo/bin:/home/light/.local/bin:/usr/local/sbin:/usr/local/bin:/usr/sbin:/usr/bin:/sbin:/bin:/usr/games:/usr/local/games:/snap/bin:/snap/bin'), ('SESSION_MANAGER', 'local/vogel:@/tmp/.ICE-unix/1261677,unix/vogel:/tmp/.ICE-unix/1261677'), ('XDG_RUNTIME_DIR', '/run/user/1000'), ('XDG_MENU_PREFIX', 'gnome-'), ('DISPLAY', ':0'), ('LANG', 'en_US.UTF-8'), ('XDG_CURRENT_DESKTOP', 'ubuntu:GNOME'), ('RMW_IMPLEMENTATION', 'rmw_fastrtps_cpp'), ('XDG_SESSION_DESKTOP', 'sway'), ('XMODIFIERS', '@im=ibus'), ('LS_COLORS', ''), ('SSH_AGENT_LAUNCHER', 'gnome-keyring'), ('SSH_AUTH_SOCK', ''), ('AMENT_PREFIX_PATH', '/home/light/dev_ws/install/test_pubsub:/home/light/dev_ws/install/managed_talker:/home/light/dev_ws/install/listener_com:/home/light/dev_ws/install/components_launcher:/home/light/dev_ws/install/component_practice:/opt/ros/humble'), ('ROS_DOMAIN_ID', '30'), ('SHELL', '/usr/bin/zsh'), ('GDMSESSION', 'sway'), ('QT_ACCESSIBILITY', '1'), ('XDG_VTNR', '2'), ('QT_IM_MODULE', 'ibus'), ('PWD', '/home/light/dev_ws/src/components_launcher/build/components_launcher'), ('QT_QPA_PLATFORM', 'xcb'), ('TURTLEBOT3_MODEL', 'waffle'), ('XDG_DATA_DIRS', '/home/light/.local/share/flatpak/exports/share:/var/lib/flatpak/exports/share:/usr/local/share/:/usr/share/:/var/lib/snapd/desktop'), ('PICO_SDK_PATH', '/home/light/Desktop/dev_ws/src/pico-sdk/'), ('PYTHONPATH', '/opt/ros/humble/lib/python3.10/site-packages:/opt/ros/humble/local/lib/python3.10/dist-packages'), ('I3SOCK', '/run/user/1000/sway-ipc.1000.6672.sock'), ('COLCON', '1'), ('CMAKE_PREFIX_PATH', '/home/light/dev_ws/install/test_pubsub:/home/light/dev_ws/install/managed_talker:/home/light/dev_ws/install/listener_com:/home/light/dev_ws/install/components_launcher:/home/light/dev_ws/install/component_practice:/opt/ros/humble')]), 'shell': False}
[0.098191] (components_launcher) StdoutLine: {'line': b'-- The C compiler identification is GNU 11.4.0\n'}
[0.099140] (-) TimerEvent: {}
[0.184047] (components_launcher) StdoutLine: {'line': b'-- The CXX compiler identification is GNU 11.4.0\n'}
[0.195408] (components_launcher) StdoutLine: {'line': b'-- Detecting C compiler ABI info\n'}
[0.199350] (-) TimerEvent: {}
[0.299669] (-) TimerEvent: {}
[0.335414] (components_launcher) StdoutLine: {'line': b'-- Detecting C compiler ABI info - done\n'}
[0.350879] (components_launcher) StdoutLine: {'line': b'-- Check for working C compiler: /usr/bin/cc - skipped\n'}
[0.351178] (components_launcher) StdoutLine: {'line': b'-- Detecting C compile features\n'}
[0.352085] (components_launcher) StdoutLine: {'line': b'-- Detecting C compile features - done\n'}
[0.357194] (components_launcher) StdoutLine: {'line': b'-- Detecting CXX compiler ABI info\n'}
[0.399828] (-) TimerEvent: {}
[0.490300] (components_launcher) StdoutLine: {'line': b'-- Detecting CXX compiler ABI info - done\n'}
[0.499941] (-) TimerEvent: {}
[0.503349] (components_launcher) StdoutLine: {'line': b'-- Check for working CXX compiler: /usr/bin/c++ - skipped\n'}
[0.503679] (components_launcher) StdoutLine: {'line': b'-- Detecting CXX compile features\n'}
[0.504534] (components_launcher) StdoutLine: {'line': b'-- Detecting CXX compile features - done\n'}
[0.509415] (components_launcher) StdoutLine: {'line': b'-- Found ament_cmake: 1.3.9 (/opt/ros/humble/share/ament_cmake/cmake)\n'}
[0.600098] (-) TimerEvent: {}
[0.700583] (-) TimerEvent: {}
[0.741618] (components_launcher) StdoutLine: {'line': b'-- Found Python3: /usr/bin/python3 (found version "3.10.12") found components: Interpreter \n'}
[0.800790] (-) TimerEvent: {}
[0.832833] (components_launcher) StdoutLine: {'line': b'-- Override CMake install command with custom implementation using symlinks instead of copying resources\n'}
[0.900983] (-) TimerEvent: {}
[0.980736] (components_launcher) StdoutLine: {'line': b'-- Configuring done\n'}
[0.984592] (components_launcher) StdoutLine: {'line': b'-- Generating done\n'}
[0.985980] (components_launcher) StdoutLine: {'line': b'-- Build files have been written to: /home/light/dev_ws/src/components_launcher/build/components_launcher\n'}
[0.991874] (components_launcher) CommandEnded: {'returncode': 0}
[0.992698] (components_launcher) JobProgress: {'identifier': 'components_launcher', 'progress': 'build'}
[0.993878] (components_launcher) Command: {'cmd': ['/usr/bin/cmake', '--build', '/home/light/dev_ws/src/components_launcher/build/components_launcher', '--', '-j8', '-l8'], 'cwd': '/home/light/dev_ws/src/components_launcher/build/components_launcher', 'env': OrderedDict([('USER', 'light'), ('XDG_SEAT', 'seat0'), ('XDG_SESSION_TYPE', 'wayland'), ('SHLVL', '1'), ('XCURSOR_SIZE', '24'), ('LD_LIBRARY_PATH', '/home/light/dev_ws/install/test_pubsub/lib:/home/light/dev_ws/install/managed_talker/lib:/home/light/dev_ws/install/listener_com/lib:/home/light/dev_ws/install/component_practice/lib:/usr/lib/x86_64-linux-gnu/gazebo-11/plugins:/opt/ros/humble/opt/rviz_ogre_vendor/lib:/opt/ros/humble/lib/x86_64-linux-gnu:/opt/ros/humble/lib'), ('HOME', '/home/light'), ('MOZ_ENABLE_WAYLAND', '1'), ('OLDPWD', '/home/light/dev_ws/src/components_launcher/src'), ('SWAYSOCK', '/run/user/1000/sway-ipc.1000.6672.sock'), ('LESS', '-R'), ('DESKTOP_SESSION', 'sway'), ('ZSH', '/home/light/.oh-my-zsh'), ('LSCOLORS', 'Gxfxcxdxbxegedabagacad'), ('GTK_MODULES', 'gail:atk-bridge'), ('PAGER', 'less'), ('ROS_PYTHON_VERSION', '3'), ('DBUS_SESSION_BUS_ADDRESS', 'unix:path=/run/user/1000/bus'), ('SYSTEMD_EXEC_PID', '2573277'), ('COLORTERM', 'truecolor'), ('PICO_TOOLCHAIN_PATH', '...'), ('WAYLAND_DISPLAY', 'wayland-1'), ('ROS_DISTRO', 'humble'), ('COLCON_PREFIX_PATH', '/home/light/dev_ws/install'), ('LOGNAME', 'light'), ('_', '/usr/bin/colcon'), ('XDG_SESSION_CLASS', 'user'), ('ROS_VERSION', '2'), ('USERNAME', 'light'), ('XDG_SESSION_ID', '230'), ('TERM', 'foot'), ('GAZEBO_MODEL_PATH', ':/opt/ros/humble/share/turtlebot3_gazebo/models'), ('GNOME_DESKTOP_SESSION_ID', 'this-is-deprecated'), ('ROS_LOCALHOST_ONLY', '0'), ('PATH', '/opt/ros/humble/bin:/home/light/.cargo/bin:/home/light/.local/bin:/usr/local/sbin:/usr/local/bin:/usr/sbin:/usr/bin:/sbin:/bin:/usr/games:/usr/local/games:/snap/bin:/snap/bin'), ('SESSION_MANAGER', 'local/vogel:@/tmp/.ICE-unix/1261677,unix/vogel:/tmp/.ICE-unix/1261677'), ('XDG_RUNTIME_DIR', '/run/user/1000'), ('XDG_MENU_PREFIX', 'gnome-'), ('DISPLAY', ':0'), ('LANG', 'en_US.UTF-8'), ('XDG_CURRENT_DESKTOP', 'ubuntu:GNOME'), ('RMW_IMPLEMENTATION', 'rmw_fastrtps_cpp'), ('XDG_SESSION_DESKTOP', 'sway'), ('XMODIFIERS', '@im=ibus'), ('LS_COLORS', ''), ('SSH_AGENT_LAUNCHER', 'gnome-keyring'), ('SSH_AUTH_SOCK', ''), ('AMENT_PREFIX_PATH', '/home/light/dev_ws/install/test_pubsub:/home/light/dev_ws/install/managed_talker:/home/light/dev_ws/install/listener_com:/home/light/dev_ws/install/components_launcher:/home/light/dev_ws/install/component_practice:/opt/ros/humble'), ('ROS_DOMAIN_ID', '30'), ('SHELL', '/usr/bin/zsh'), ('GDMSESSION', 'sway'), ('QT_ACCESSIBILITY', '1'), ('XDG_VTNR', '2'), ('QT_IM_MODULE', 'ibus'), ('PWD', '/home/light/dev_ws/src/components_launcher/build/components_launcher'), ('QT_QPA_PLATFORM', 'xcb'), ('TURTLEBOT3_MODEL', 'waffle'), ('XDG_DATA_DIRS', '/home/light/.local/share/flatpak/exports/share:/var/lib/flatpak/exports/share:/usr/local/share/:/usr/share/:/var/lib/snapd/desktop'), ('PICO_SDK_PATH', '/home/light/Desktop/dev_ws/src/pico-sdk/'), ('PYTHONPATH', '/opt/ros/humble/lib/python3.10/site-packages:/opt/ros/humble/local/lib/python3.10/dist-packages'), ('I3SOCK', '/run/user/1000/sway-ipc.1000.6672.sock'), ('COLCON', '1'), ('CMAKE_PREFIX_PATH', '/home/light/dev_ws/install/test_pubsub:/home/light/dev_ws/install/managed_talker:/home/light/dev_ws/install/listener_com:/home/light/dev_ws/install/components_launcher:/home/light/dev_ws/install/component_practice:/opt/ros/humble')]), 'shell': False}
[1.001097] (-) TimerEvent: {}
[1.054455] (components_launcher) CommandEnded: {'returncode': 0}
[1.093307] (components_launcher) JobProgress: {'identifier': 'components_launcher', 'progress': 'install'}
[1.101297] (-) TimerEvent: {}
[1.106857] (components_launcher) Command: {'cmd': ['/usr/bin/cmake', '--install', '/home/light/dev_ws/src/components_launcher/build/components_launcher'], 'cwd': '/home/light/dev_ws/src/components_launcher/build/components_launcher', 'env': OrderedDict([('USER', 'light'), ('XDG_SEAT', 'seat0'), ('XDG_SESSION_TYPE', 'wayland'), ('SHLVL', '1'), ('XCURSOR_SIZE', '24'), ('LD_LIBRARY_PATH', '/home/light/dev_ws/install/test_pubsub/lib:/home/light/dev_ws/install/managed_talker/lib:/home/light/dev_ws/install/listener_com/lib:/home/light/dev_ws/install/component_practice/lib:/usr/lib/x86_64-linux-gnu/gazebo-11/plugins:/opt/ros/humble/opt/rviz_ogre_vendor/lib:/opt/ros/humble/lib/x86_64-linux-gnu:/opt/ros/humble/lib'), ('HOME', '/home/light'), ('MOZ_ENABLE_WAYLAND', '1'), ('OLDPWD', '/home/light/dev_ws/src/components_launcher/src'), ('SWAYSOCK', '/run/user/1000/sway-ipc.1000.6672.sock'), ('LESS', '-R'), ('DESKTOP_SESSION', 'sway'), ('ZSH', '/home/light/.oh-my-zsh'), ('LSCOLORS', 'Gxfxcxdxbxegedabagacad'), ('GTK_MODULES', 'gail:atk-bridge'), ('PAGER', 'less'), ('ROS_PYTHON_VERSION', '3'), ('DBUS_SESSION_BUS_ADDRESS', 'unix:path=/run/user/1000/bus'), ('SYSTEMD_EXEC_PID', '2573277'), ('COLORTERM', 'truecolor'), ('PICO_TOOLCHAIN_PATH', '...'), ('WAYLAND_DISPLAY', 'wayland-1'), ('ROS_DISTRO', 'humble'), ('COLCON_PREFIX_PATH', '/home/light/dev_ws/install'), ('LOGNAME', 'light'), ('_', '/usr/bin/colcon'), ('XDG_SESSION_CLASS', 'user'), ('ROS_VERSION', '2'), ('USERNAME', 'light'), ('XDG_SESSION_ID', '230'), ('TERM', 'foot'), ('GAZEBO_MODEL_PATH', ':/opt/ros/humble/share/turtlebot3_gazebo/models'), ('GNOME_DESKTOP_SESSION_ID', 'this-is-deprecated'), ('ROS_LOCALHOST_ONLY', '0'), ('PATH', '/opt/ros/humble/bin:/home/light/.cargo/bin:/home/light/.local/bin:/usr/local/sbin:/usr/local/bin:/usr/sbin:/usr/bin:/sbin:/bin:/usr/games:/usr/local/games:/snap/bin:/snap/bin'), ('SESSION_MANAGER', 'local/vogel:@/tmp/.ICE-unix/1261677,unix/vogel:/tmp/.ICE-unix/1261677'), ('XDG_RUNTIME_DIR', '/run/user/1000'), ('XDG_MENU_PREFIX', 'gnome-'), ('DISPLAY', ':0'), ('LANG', 'en_US.UTF-8'), ('XDG_CURRENT_DESKTOP', 'ubuntu:GNOME'), ('RMW_IMPLEMENTATION', 'rmw_fastrtps_cpp'), ('XDG_SESSION_DESKTOP', 'sway'), ('XMODIFIERS', '@im=ibus'), ('LS_COLORS', ''), ('SSH_AGENT_LAUNCHER', 'gnome-keyring'), ('SSH_AUTH_SOCK', ''), ('AMENT_PREFIX_PATH', '/home/light/dev_ws/install/test_pubsub:/home/light/dev_ws/install/managed_talker:/home/light/dev_ws/install/listener_com:/home/light/dev_ws/install/components_launcher:/home/light/dev_ws/install/component_practice:/opt/ros/humble'), ('ROS_DOMAIN_ID', '30'), ('SHELL', '/usr/bin/zsh'), ('GDMSESSION', 'sway'), ('QT_ACCESSIBILITY', '1'), ('XDG_VTNR', '2'), ('QT_IM_MODULE', 'ibus'), ('PWD', '/home/light/dev_ws/src/components_launcher/build/components_launcher'), ('QT_QPA_PLATFORM', 'xcb'), ('TURTLEBOT3_MODEL', 'waffle'), ('XDG_DATA_DIRS', '/home/light/.local/share/flatpak/exports/share:/var/lib/flatpak/exports/share:/usr/local/share/:/usr/share/:/var/lib/snapd/desktop'), ('PICO_SDK_PATH', '/home/light/Desktop/dev_ws/src/pico-sdk/'), ('PYTHONPATH', '/opt/ros/humble/lib/python3.10/site-packages:/opt/ros/humble/local/lib/python3.10/dist-packages'), ('I3SOCK', '/run/user/1000/sway-ipc.1000.6672.sock'), ('COLCON', '1'), ('CMAKE_PREFIX_PATH', '/home/light/dev_ws/install/test_pubsub:/home/light/dev_ws/install/managed_talker:/home/light/dev_ws/install/listener_com:/home/light/dev_ws/install/components_launcher:/home/light/dev_ws/install/component_practice:/opt/ros/humble')]), 'shell': False}
[1.118433] (components_launcher) StdoutLine: {'line': b'-- Install configuration: ""\n'}
[1.128474] (components_launcher) StdoutLine: {'line': b'-- Execute custom install script\n'}
[1.129082] (components_launcher) StdoutLine: {'line': b'-- Symlinking: /home/light/dev_ws/src/components_launcher/install/components_launcher/share/components_launcher/launch/.container_launcher.launch.py.~undo-tree~\n'}
[1.143492] (components_launcher) StdoutLine: {'line': b'-- Symlinking: /home/light/dev_ws/src/components_launcher/install/components_launcher/share/components_launcher/launch/container_launcher.launch.py\n'}
[1.157567] (components_launcher) StdoutLine: {'line': b'-- Symlinking: /home/light/dev_ws/src/components_launcher/install/components_launcher/share/components_launcher/launch/container_launcher.launch.py~\n'}
[1.171593] (components_launcher) StdoutLine: {'line': b'-- Symlinking: /home/light/dev_ws/src/components_launcher/install/components_launcher/share/ament_index/resource_index/package_run_dependencies/components_launcher\n'}
[1.186187] (components_launcher) StdoutLine: {'line': b'-- Symlinking: /home/light/dev_ws/src/components_launcher/install/components_launcher/share/ament_index/resource_index/parent_prefix_path/components_launcher\n'}
[1.200566] (components_launcher) StdoutLine: {'line': b'-- Symlinking: /home/light/dev_ws/src/components_launcher/install/components_launcher/share/components_launcher/environment/ament_prefix_path.sh\n'}
[1.201385] (-) TimerEvent: {}
[1.215517] (components_launcher) StdoutLine: {'line': b'-- Symlinking: /home/light/dev_ws/src/components_launcher/install/components_launcher/share/components_launcher/environment/ament_prefix_path.dsv\n'}
[1.230036] (components_launcher) StdoutLine: {'line': b'-- Symlinking: /home/light/dev_ws/src/components_launcher/install/components_launcher/share/components_launcher/environment/path.sh\n'}
[1.244369] (components_launcher) StdoutLine: {'line': b'-- Symlinking: /home/light/dev_ws/src/components_launcher/install/components_launcher/share/components_launcher/environment/path.dsv\n'}
[1.259291] (components_launcher) StdoutLine: {'line': b'-- Symlinking: /home/light/dev_ws/src/components_launcher/install/components_launcher/share/components_launcher/local_setup.bash\n'}
[1.273955] (components_launcher) StdoutLine: {'line': b'-- Symlinking: /home/light/dev_ws/src/components_launcher/install/components_launcher/share/components_launcher/local_setup.sh\n'}
[1.288016] (components_launcher) StdoutLine: {'line': b'-- Symlinking: /home/light/dev_ws/src/components_launcher/install/components_launcher/share/components_launcher/local_setup.zsh\n'}
[1.301623] (-) TimerEvent: {}
[1.302552] (components_launcher) StdoutLine: {'line': b'-- Symlinking: /home/light/dev_ws/src/components_launcher/install/components_launcher/share/components_launcher/local_setup.dsv\n'}
[1.317791] (components_launcher) StdoutLine: {'line': b'-- Symlinking: /home/light/dev_ws/src/components_launcher/install/components_launcher/share/components_launcher/package.dsv\n'}
[1.332432] (components_launcher) StdoutLine: {'line': b'-- Symlinking: /home/light/dev_ws/src/components_launcher/install/components_launcher/share/ament_index/resource_index/packages/components_launcher\n'}
[1.346876] (components_launcher) StdoutLine: {'line': b'-- Symlinking: /home/light/dev_ws/src/components_launcher/install/components_launcher/share/components_launcher/cmake/components_launcherConfig.cmake\n'}
[1.361102] (components_launcher) StdoutLine: {'line': b'-- Symlinking: /home/light/dev_ws/src/components_launcher/install/components_launcher/share/components_launcher/cmake/components_launcherConfig-version.cmake\n'}
[1.375918] (components_launcher) StdoutLine: {'line': b'-- Symlinking: /home/light/dev_ws/src/components_launcher/install/components_launcher/share/components_launcher/package.xml\n'}
[1.394132] (components_launcher) CommandEnded: {'returncode': 0}
[1.402971] (-) TimerEvent: {}
[1.453668] (components_launcher) JobEnded: {'identifier': 'components_launcher', 'rc': 0}
[1.454492] (-) EventReactorShutdown: {}
