[0.176s] DEBUG:colcon:Command line arguments: ['/usr/bin/colcon', 'build', '--symlink-install']
[0.177s] DEBUG:colcon:Parsed command line arguments: Namespace(log_base=None, log_level=None, verb_name='build', build_base='build', install_base='install', merge_install=False, symlink_install=True, test_result_base=None, continue_on_error=False, executor='parallel', parallel_workers=8, event_handlers=None, ignore_user_meta=False, metas=['./colcon.meta'], base_paths=['.'], packages_ignore=None, packages_ignore_regex=None, paths=None, packages_up_to=None, packages_up_to_regex=None, packages_above=None, packages_above_and_dependencies=None, packages_above_depth=None, packages_select_by_dep=None, packages_skip_by_dep=None, packages_skip_up_to=None, packages_select_build_failed=False, packages_skip_build_finished=False, packages_select_test_failures=False, packages_skip_test_passed=False, packages_select=None, packages_skip=None, packages_select_regex=None, packages_skip_regex=None, packages_start=None, packages_end=None, allow_overriding=[], lookup_in_workspace=False, cargo_args=None, clean_build=False, cmake_args=None, cmake_target=None, cmake_target_skip_unavailable=False, cmake_clean_cache=False, cmake_clean_first=False, cmake_force_configure=False, ament_cmake_args=None, catkin_cmake_args=None, catkin_skip_building_tests=False, mixin_files=None, mixin=None, verb_parser=<colcon_mixin.mixin.mixin_argument.MixinArgumentDecorator object at 0x721d43fa5cf0>, verb_extension=<colcon_core.verb.build.BuildVerb object at 0x721d43fa5720>, main=<bound method BuildVerb.main of <colcon_core.verb.build.BuildVerb object at 0x721d43fa5720>>, mixin_verb=('build',))
[0.524s] Level 1:colcon.colcon_core.package_discovery:discover_packages(colcon_meta) check parameters
[0.524s] Level 1:colcon.colcon_core.package_discovery:discover_packages(recursive) check parameters
[0.524s] Level 1:colcon.colcon_core.package_discovery:discover_packages(ignore) check parameters
[0.524s] Level 1:colcon.colcon_core.package_discovery:discover_packages(path) check parameters
[0.524s] Level 1:colcon.colcon_core.package_discovery:discover_packages(colcon_meta) discover
[0.524s] Level 1:colcon.colcon_core.package_discovery:discover_packages(recursive) discover
[0.524s] INFO:colcon.colcon_core.package_discovery:Crawling recursively for packages in '/home/light/dev_ws/src/components_launcher'
[0.524s] Level 1:colcon.colcon_core.package_identification:_identify(.) by extensions ['ignore', 'ignore_ament_install']
[0.525s] Level 1:colcon.colcon_core.package_identification:_identify(.) by extension 'ignore'
[0.525s] Level 1:colcon.colcon_core.package_identification:_identify(.) by extension 'ignore_ament_install'
[0.525s] Level 1:colcon.colcon_core.package_identification:_identify(.) by extensions ['colcon_pkg']
[0.525s] Level 1:colcon.colcon_core.package_identification:_identify(.) by extension 'colcon_pkg'
[0.525s] Level 1:colcon.colcon_core.package_identification:_identify(.) by extensions ['colcon_meta']
[0.525s] Level 1:colcon.colcon_core.package_identification:_identify(.) by extension 'colcon_meta'
[0.525s] Level 1:colcon.colcon_core.package_identification:_identify(.) by extensions ['ament_cargo']
[0.525s] Level 1:colcon.colcon_core.package_identification:_identify(.) by extension 'ament_cargo'
[0.525s] Level 1:colcon.colcon_core.package_identification:_identify(.) by extensions ['ros']
[0.525s] Level 1:colcon.colcon_core.package_identification:_identify(.) by extension 'ros'
[0.547s] DEBUG:colcon.colcon_core.package_identification:Package '.' with type 'ros.ament_cmake' and name 'components_launcher'
[0.547s] Level 1:colcon.colcon_core.package_discovery:discover_packages(recursive) using defaults
[0.548s] Level 1:colcon.colcon_core.package_discovery:discover_packages(ignore) discover
[0.548s] Level 1:colcon.colcon_core.package_discovery:discover_packages(ignore) using defaults
[0.548s] Level 1:colcon.colcon_core.package_discovery:discover_packages(path) discover
[0.548s] Level 1:colcon.colcon_core.package_discovery:discover_packages(path) using defaults
[0.577s] Level 1:colcon.colcon_core.package_discovery:discover_packages(prefix_path) check parameters
[0.577s] Level 1:colcon.colcon_core.package_discovery:discover_packages(prefix_path) discover
[0.580s] DEBUG:colcon.colcon_installed_package_information.package_discovery:Found 5 installed packages in /home/light/dev_ws/install
[0.582s] DEBUG:colcon.colcon_installed_package_information.package_discovery:Found 397 installed packages in /opt/ros/humble
[0.585s] Level 1:colcon.colcon_core.package_discovery:discover_packages(prefix_path) using defaults
[0.657s] Level 5:colcon.colcon_core.verb:set package 'components_launcher' build argument 'lookup_in_workspace' from command line to 'False'
[0.657s] Level 5:colcon.colcon_core.verb:set package 'components_launcher' build argument 'cargo_args' from command line to 'None'
[0.657s] Level 5:colcon.colcon_core.verb:set package 'components_launcher' build argument 'clean_build' from command line to 'False'
[0.657s] Level 5:colcon.colcon_core.verb:set package 'components_launcher' build argument 'cmake_args' from command line to 'None'
[0.657s] Level 5:colcon.colcon_core.verb:set package 'components_launcher' build argument 'cmake_target' from command line to 'None'
[0.657s] Level 5:colcon.colcon_core.verb:set package 'components_launcher' build argument 'cmake_target_skip_unavailable' from command line to 'False'
[0.657s] Level 5:colcon.colcon_core.verb:set package 'components_launcher' build argument 'cmake_clean_cache' from command line to 'False'
[0.657s] Level 5:colcon.colcon_core.verb:set package 'components_launcher' build argument 'cmake_clean_first' from command line to 'False'
[0.657s] Level 5:colcon.colcon_core.verb:set package 'components_launcher' build argument 'cmake_force_configure' from command line to 'False'
[0.657s] Level 5:colcon.colcon_core.verb:set package 'components_launcher' build argument 'ament_cmake_args' from command line to 'None'
[0.657s] Level 5:colcon.colcon_core.verb:set package 'components_launcher' build argument 'catkin_cmake_args' from command line to 'None'
[0.657s] Level 5:colcon.colcon_core.verb:set package 'components_launcher' build argument 'catkin_skip_building_tests' from command line to 'False'
[0.657s] DEBUG:colcon.colcon_core.verb:Building package 'components_launcher' with the following arguments: {'ament_cmake_args': None, 'build_base': '/home/light/dev_ws/src/components_launcher/build/components_launcher', 'cargo_args': None, 'catkin_cmake_args': None, 'catkin_skip_building_tests': False, 'clean_build': False, 'cmake_args': None, 'cmake_clean_cache': False, 'cmake_clean_first': False, 'cmake_force_configure': False, 'cmake_target': None, 'cmake_target_skip_unavailable': False, 'install_base': '/home/light/dev_ws/src/components_launcher/install/components_launcher', 'lookup_in_workspace': False, 'merge_install': False, 'path': '/home/light/dev_ws/src/components_launcher', 'symlink_install': True, 'test_result_base': None}
[0.658s] INFO:colcon.colcon_core.executor:Executing jobs using 'parallel' executor
[0.659s] DEBUG:colcon.colcon_parallel_executor.executor.parallel:run_until_complete
[0.659s] INFO:colcon.colcon_ros.task.ament_cmake.build:Building ROS package in '/home/light/dev_ws/src/components_launcher' with build type 'ament_cmake'
[0.660s] INFO:colcon.colcon_cmake.task.cmake.build:Building CMake package in '/home/light/dev_ws/src/components_launcher'
[0.663s] INFO:colcon.colcon_core.plugin_system:Skipping extension 'colcon_core.shell.bat': Not used on non-Windows systems
[0.663s] INFO:colcon.colcon_core.shell:Skip shell extension 'powershell' for command environment: Not usable outside of PowerShell
[0.663s] DEBUG:colcon.colcon_core.shell:Skip shell extension 'dsv' for command environment
[0.675s] DEBUG:colcon.colcon_core.event_handler.log_command:Invoking command in '/home/light/dev_ws/src/components_launcher/build/components_launcher': CMAKE_PREFIX_PATH=${CMAKE_PREFIX_PATH}:/opt/ros/humble /usr/bin/cmake /home/light/dev_ws/src/components_launcher -DAMENT_CMAKE_SYMLINK_INSTALL=1 -DCMAKE_INSTALL_PREFIX=/home/light/dev_ws/src/components_launcher/install/components_launcher
[1.652s] DEBUG:colcon.colcon_core.event_handler.log_command:Invoked command in '/home/light/dev_ws/src/components_launcher/build/components_launcher' returned '0': CMAKE_PREFIX_PATH=${CMAKE_PREFIX_PATH}:/opt/ros/humble /usr/bin/cmake /home/light/dev_ws/src/components_launcher -DAMENT_CMAKE_SYMLINK_INSTALL=1 -DCMAKE_INSTALL_PREFIX=/home/light/dev_ws/src/components_launcher/install/components_launcher
[1.654s] DEBUG:colcon.colcon_core.event_handler.log_command:Invoking command in '/home/light/dev_ws/src/components_launcher/build/components_launcher': CMAKE_PREFIX_PATH=${CMAKE_PREFIX_PATH}:/opt/ros/humble /usr/bin/cmake --build /home/light/dev_ws/src/components_launcher/build/components_launcher -- -j8 -l8
[1.714s] DEBUG:colcon.colcon_core.event_handler.log_command:Invoked command in '/home/light/dev_ws/src/components_launcher/build/components_launcher' returned '0': CMAKE_PREFIX_PATH=${CMAKE_PREFIX_PATH}:/opt/ros/humble /usr/bin/cmake --build /home/light/dev_ws/src/components_launcher/build/components_launcher -- -j8 -l8
[1.767s] DEBUG:colcon.colcon_core.event_handler.log_command:Invoking command in '/home/light/dev_ws/src/components_launcher/build/components_launcher': CMAKE_PREFIX_PATH=${CMAKE_PREFIX_PATH}:/opt/ros/humble /usr/bin/cmake --install /home/light/dev_ws/src/components_launcher/build/components_launcher
[2.052s] Level 1:colcon.colcon_core.environment:create_environment_scripts_only(components_launcher)
[2.054s] DEBUG:colcon.colcon_core.event_handler.log_command:Invoked command in '/home/light/dev_ws/src/components_launcher/build/components_launcher' returned '0': CMAKE_PREFIX_PATH=${CMAKE_PREFIX_PATH}:/opt/ros/humble /usr/bin/cmake --install /home/light/dev_ws/src/components_launcher/build/components_launcher
[2.057s] Level 1:colcon.colcon_core.environment:checking '/home/light/dev_ws/src/components_launcher/install/components_launcher' for CMake module files
[2.057s] Level 1:colcon.colcon_core.environment:checking '/home/light/dev_ws/src/components_launcher/install/components_launcher' for CMake config files
[2.058s] Level 1:colcon.colcon_core.shell:create_environment_hook('components_launcher', 'cmake_prefix_path')
[2.058s] INFO:colcon.colcon_core.shell:Creating environment hook '/home/light/dev_ws/src/components_launcher/install/components_launcher/share/components_launcher/hook/cmake_prefix_path.ps1'
[2.059s] INFO:colcon.colcon_core.shell:Creating environment descriptor '/home/light/dev_ws/src/components_launcher/install/components_launcher/share/components_launcher/hook/cmake_prefix_path.dsv'
[2.060s] INFO:colcon.colcon_core.shell:Creating environment hook '/home/light/dev_ws/src/components_launcher/install/components_launcher/share/components_launcher/hook/cmake_prefix_path.sh'
[2.061s] Level 1:colcon.colcon_core.environment:checking '/home/light/dev_ws/src/components_launcher/install/components_launcher/bin'
[2.061s] Level 1:colcon.colcon_core.environment:checking '/home/light/dev_ws/src/components_launcher/install/components_launcher/lib/pkgconfig/components_launcher.pc'
[2.061s] Level 1:colcon.colcon_core.environment:checking '/home/light/dev_ws/src/components_launcher/install/components_launcher/lib/python3.10/site-packages'
[2.062s] Level 1:colcon.colcon_core.environment:checking '/home/light/dev_ws/src/components_launcher/install/components_launcher/bin'
[2.062s] INFO:colcon.colcon_core.shell:Creating package script '/home/light/dev_ws/src/components_launcher/install/components_launcher/share/components_launcher/package.ps1'
[2.064s] INFO:colcon.colcon_core.shell:Creating package descriptor '/home/light/dev_ws/src/components_launcher/install/components_launcher/share/components_launcher/package.dsv'
[2.065s] INFO:colcon.colcon_core.shell:Creating package script '/home/light/dev_ws/src/components_launcher/install/components_launcher/share/components_launcher/package.sh'
[2.066s] INFO:colcon.colcon_core.shell:Creating package script '/home/light/dev_ws/src/components_launcher/install/components_launcher/share/components_launcher/package.bash'
[2.067s] INFO:colcon.colcon_core.shell:Creating package script '/home/light/dev_ws/src/components_launcher/install/components_launcher/share/components_launcher/package.zsh'
[2.068s] Level 1:colcon.colcon_core.environment:create_file_with_runtime_dependencies(/home/light/dev_ws/src/components_launcher/install/components_launcher/share/colcon-core/packages/components_launcher)
[2.105s] Level 1:colcon.colcon_core.environment:create_environment_scripts_only(components_launcher)
[2.106s] Level 1:colcon.colcon_core.environment:checking '/home/light/dev_ws/src/components_launcher/install/components_launcher' for CMake module files
[2.106s] Level 1:colcon.colcon_core.environment:checking '/home/light/dev_ws/src/components_launcher/install/components_launcher' for CMake config files
[2.107s] Level 1:colcon.colcon_core.shell:create_environment_hook('components_launcher', 'cmake_prefix_path')
[2.107s] INFO:colcon.colcon_core.shell:Creating environment hook '/home/light/dev_ws/src/components_launcher/install/components_launcher/share/components_launcher/hook/cmake_prefix_path.ps1'
[2.108s] INFO:colcon.colcon_core.shell:Creating environment descriptor '/home/light/dev_ws/src/components_launcher/install/components_launcher/share/components_launcher/hook/cmake_prefix_path.dsv'
[2.108s] INFO:colcon.colcon_core.shell:Creating environment hook '/home/light/dev_ws/src/components_launcher/install/components_launcher/share/components_launcher/hook/cmake_prefix_path.sh'
[2.109s] Level 1:colcon.colcon_core.environment:checking '/home/light/dev_ws/src/components_launcher/install/components_launcher/bin'
[2.109s] Level 1:colcon.colcon_core.environment:checking '/home/light/dev_ws/src/components_launcher/install/components_launcher/lib/pkgconfig/components_launcher.pc'
[2.109s] Level 1:colcon.colcon_core.environment:checking '/home/light/dev_ws/src/components_launcher/install/components_launcher/lib/python3.10/site-packages'
[2.110s] Level 1:colcon.colcon_core.environment:checking '/home/light/dev_ws/src/components_launcher/install/components_launcher/bin'
[2.110s] INFO:colcon.colcon_core.shell:Creating package script '/home/light/dev_ws/src/components_launcher/install/components_launcher/share/components_launcher/package.ps1'
[2.111s] INFO:colcon.colcon_core.shell:Creating package descriptor '/home/light/dev_ws/src/components_launcher/install/components_launcher/share/components_launcher/package.dsv'
[2.111s] INFO:colcon.colcon_core.shell:Creating package script '/home/light/dev_ws/src/components_launcher/install/components_launcher/share/components_launcher/package.sh'
[2.112s] INFO:colcon.colcon_core.shell:Creating package script '/home/light/dev_ws/src/components_launcher/install/components_launcher/share/components_launcher/package.bash'
[2.112s] INFO:colcon.colcon_core.shell:Creating package script '/home/light/dev_ws/src/components_launcher/install/components_launcher/share/components_launcher/package.zsh'
[2.113s] Level 1:colcon.colcon_core.environment:create_file_with_runtime_dependencies(/home/light/dev_ws/src/components_launcher/install/components_launcher/share/colcon-core/packages/components_launcher)
[2.113s] DEBUG:colcon.colcon_parallel_executor.executor.parallel:closing loop
[2.113s] DEBUG:colcon.colcon_parallel_executor.executor.parallel:loop closed
[2.114s] DEBUG:colcon.colcon_parallel_executor.executor.parallel:run_until_complete finished with '0'
[2.114s] DEBUG:colcon.colcon_core.event_reactor:joining thread
[2.122s] INFO:colcon.colcon_core.plugin_system:Skipping extension 'colcon_notification.desktop_notification.terminal_notifier': Not used on non-Darwin systems
[2.122s] INFO:colcon.colcon_core.plugin_system:Skipping extension 'colcon_notification.desktop_notification.win32': Not used on non-Windows systems
[2.122s] INFO:colcon.colcon_notification.desktop_notification:Sending desktop notification using 'notify2'
[2.125s] ERROR:colcon.colcon_notification.desktop_notification:Exception in desktop notification extension 'notify2': Unable to guess signature from an empty list
Traceback (most recent call last):
  File "/usr/lib/python3/dist-packages/colcon_notification/desktop_notification/__init__.py", line 106, in notify
    retval = extension.notify(
  File "/usr/lib/python3/dist-packages/colcon_notification/desktop_notification/notify2.py", line 51, in notify
    self._last_notification.show()
  File "/usr/lib/python3/dist-packages/notify2.py", line 181, in show
    nid = dbus_iface.Notify(appname,       # app_name       (spec names)
  File "/usr/lib/python3/dist-packages/dbus/proxies.py", line 72, in __call__
    return self._proxy_method(*args, **keywords)
  File "/usr/lib/python3/dist-packages/dbus/proxies.py", line 141, in __call__
    return self._connection.call_blocking(self._named_service,
  File "/usr/lib/python3/dist-packages/dbus/connection.py", line 643, in call_blocking
    message.append(signature=signature, *args)
ValueError: Unable to guess signature from an empty list

[2.125s] INFO:colcon.colcon_notification.desktop_notification:Sending desktop notification using 'notify_send'
[2.135s] DEBUG:colcon.colcon_core.event_reactor:joined thread
[2.136s] INFO:colcon.colcon_core.shell:Creating prefix script '/home/light/dev_ws/src/components_launcher/install/local_setup.ps1'
[2.137s] INFO:colcon.colcon_core.shell:Creating prefix util module '/home/light/dev_ws/src/components_launcher/install/_local_setup_util_ps1.py'
[2.139s] INFO:colcon.colcon_core.shell:Creating prefix chain script '/home/light/dev_ws/src/components_launcher/install/setup.ps1'
[2.141s] INFO:colcon.colcon_core.shell:Creating prefix script '/home/light/dev_ws/src/components_launcher/install/local_setup.sh'
[2.142s] INFO:colcon.colcon_core.shell:Creating prefix util module '/home/light/dev_ws/src/components_launcher/install/_local_setup_util_sh.py'
[2.143s] INFO:colcon.colcon_core.shell:Creating prefix chain script '/home/light/dev_ws/src/components_launcher/install/setup.sh'
[2.144s] INFO:colcon.colcon_core.shell:Creating prefix script '/home/light/dev_ws/src/components_launcher/install/local_setup.bash'
[2.145s] INFO:colcon.colcon_core.shell:Creating prefix chain script '/home/light/dev_ws/src/components_launcher/install/setup.bash'
[2.146s] INFO:colcon.colcon_core.shell:Creating prefix script '/home/light/dev_ws/src/components_launcher/install/local_setup.zsh'
[2.147s] INFO:colcon.colcon_core.shell:Creating prefix chain script '/home/light/dev_ws/src/components_launcher/install/setup.zsh'
